#
# A fatal error has been detected by the Java Runtime Environment:
#
#  EXCEPTION_ACCESS_VIOLATION (0xc0000005) at pc=0x00007ffdf9706699, pid=8860, tid=10316
#
# JRE version: Java(TM) SE Runtime Environment (14.0.1+7) (build 14.0.1+7)
# Java VM: Java HotSpot(TM) 64-Bit Server VM (14.0.1+7, mixed mode, sharing, tiered, compressed oops, g1 gc, windows-amd64)
# Problematic frame:
# V  [jvm.dll+0x206699]
#
# No core dump will be written. Minidumps are not enabled by default on client versions of Windows
#
# If you would like to submit a bug report, please visit:
#   https://bugreport.java.com/bugreport/crash.jsp
#

---------------  S U M M A R Y ------------

Command Line: -agentlib:jdwp=transport=dt_socket,suspend=y,address=localhost:57361 -javaagent:C:\Users\DONIZETE\eclipse\committers-2020-06\eclipse\configuration\org.eclipse.osgi\240\0\.cp\lib\javaagent-shaded.jar -Dfile.encoding=Cp1252 sortAlgorithms.Main

Host: Intel(R) Core(TM) i3-8100 CPU @ 3.60GHz, 4 cores, 7G,  Windows 10 , 64 bit Build 18362 (10.0.18362.1110)
Time: Wed Dec  2 14:03:21 2020 Hora oficial do Brasil elapsed time: 1091 seconds (0d 0h 18m 11s)

---------------  T H R E A D  ---------------

Current thread (0x0000014dc0148000):  JavaThread "JDWP Transport Listener: dt_socket" daemon [_thread_in_vm, id=10316, stack(0x0000001734d00000,0x0000001734e00000)] _threads_hazard_ptr=0x0000014dc0259150

Stack: [0x0000001734d00000,0x0000001734e00000],  sp=0x0000001734dfedc8,  free space=1019k
Native frames: (J=compiled Java code, j=interpreted, Vv=VM code, C=native code)
V  [jvm.dll+0x206699]


siginfo: EXCEPTION_ACCESS_VIOLATION (0xc0000005), reading address 0x0000014dbfb36548


Register to memory mapping:

RIP=0x00007ffdf9706699 jvm.dll
RAX=0x000000000009e0e0 is an unknown value
RBX=0x0000001734dff080 is pointing into the stack for thread: 0x0000014dc0148000
RCX=0x0000014dbfa98468 is pointing into metadata
RDX=0x0000000000004f06 is an unknown value
RSP=0x0000001734dfedc8 is pointing into the stack for thread: 0x0000014dc0148000
RBP=0x0000000000000001 is an unknown value
RSI=0x0000000000000001 is an unknown value
RDI=0x0000014dbfa98080 is pointing into metadata
R8 =0x0 is NULL
R9 =0x0000014dbfa98080 is pointing into metadata
R10=0x0000000800b9ac70 is a pointer to class: 
sortAlgorithms.Main {0x0000000800b9ac78}
R11=0x0000014dc072a380 points into unknown readable memory: 00 00 00 47 ff ff ff 8f
R12=0x0000014dc072a350 points into unknown readable memory: 00 2d 88 89 00 00 00 00
R13=0x0 is NULL
R14=0x0000014dbfa983ad is pointing into metadata
R15=0x0000000000000030 is an unknown value


Registers:
RAX=0x000000000009e0e0, RBX=0x0000001734dff080, RCX=0x0000014dbfa98468, RDX=0x0000000000004f06
RSP=0x0000001734dfedc8, RBP=0x0000000000000001, RSI=0x0000000000000001, RDI=0x0000014dbfa98080
R8 =0x0000000000000000, R9 =0x0000014dbfa98080, R10=0x0000000800b9ac70, R11=0x0000014dc072a380
R12=0x0000014dc072a350, R13=0x0000000000000000, R14=0x0000014dbfa983ad, R15=0x0000000000000030
RIP=0x00007ffdf9706699, EFLAGS=0x0000000000010202

Top of Stack: (sp=0x0000001734dfedc8)
0x0000001734dfedc8:   00007ffdf97eeef3 0000001734dfee50
0x0000001734dfedd8:   00007ffdf961137e 0000001734dff0d0
0x0000001734dfede8:   00007ffdf9b5306d 0000001734dfee50
0x0000001734dfedf8:   00007ffdf9608d6e 0000001734dfef10
0x0000001734dfee08:   00007ffdf97ef753 0000a4ab6a467f49
0x0000001734dfee18:   0000a4ab6a467f79 0000014dbfa983ad
0x0000001734dfee28:   0000001734dfeee0 0000001734dff080
0x0000001734dfee38:   00007ffdf97f0f82 0000001734dff080
0x0000001734dfee48:   0000000000000015 0000000000000001
0x0000001734dfee58:   0000014dbfa983ac 0000001700000015
0x0000001734dfee68:   6666666666666667 0000001734df0000
0x0000001734dfee78:   00007ffe000000b1 0000001734dfeee0
0x0000001734dfee88:   00007ffdf961137e 0000014dbfa983f8
0x0000001734dfee98:   0000014dc072a3b0 0000000000000030
0x0000001734dfeea8:   00000000000000b2 00000000000000b2
0x0000001734dfeeb8:   00007ffdf97f190e 0000001734dff080 

Instructions: (pc=0x00007ffdf9706699)
0x00007ffdf9706599:   03 03 03 03 03 03 03 03 03 03 03 03 03 03 03 03
0x00007ffdf97065a9:   03 03 03 03 03 03 03 03 03 03 03 03 03 03 03 03
0x00007ffdf97065b9:   03 03 03 03 03 03 03 03 03 03 03 03 03 03 03 03
0x00007ffdf97065c9:   03 03 03 03 03 03 03 03 03 03 03 03 03 03 03 03
0x00007ffdf97065d9:   03 03 02 03 03 02 cc 48 89 5c 24 08 48 89 74 24
0x00007ffdf97065e9:   10 57 48 83 ec 20 48 63 da 41 0f b6 f0 48 8b f9
0x00007ffdf97065f9:   85 d2 79 24 4c 8d 0d ec 82 63 00 ba 99 02 00 00
0x00007ffdf9706609:   4c 8d 05 18 83 63 00 48 8d 0d 91 82 63 00 e8 94
0x00007ffdf9706619:   6b 00 00 e8 3f 19 3f 00 40 84 f6 75 18 48 8b 4f
0x00007ffdf9706629:   10 48 85 c9 74 0f 48 8d 43 01 48 c1 e0 05 48 8b
0x00007ffdf9706639:   04 08 0f b7 d8 48 8b 74 24 38 48 63 c3 48 8b 5c
0x00007ffdf9706649:   24 30 0f b7 44 c7 40 48 83 c4 20 5f c3 cc cc cc
0x00007ffdf9706659:   cc cc cc cc cc cc cc 4c 8b c9 45 84 c0 75 42 48
0x00007ffdf9706669:   8b 49 10 48 85 c9 74 39 85 d2 79 1a f7 d2 48 63
0x00007ffdf9706679:   c2 48 ff c0 48 c1 e0 05 48 8b 04 08 0f b7 c8 41
0x00007ffdf9706689:   0f b7 44 c9 42 c3 48 63 c2 48 ff c0 48 c1 e0 05
0x00007ffdf9706699:   48 8b 04 08 0f b7 d0 48 63 c2 41 0f b7 44 c1 42
0x00007ffdf97066a9:   c3 49 8b 41 08 4c 63 c2 42 0f b6 44 00 04 8d 48
0x00007ffdf97066b9:   ef 80 f9 01 76 0e 3c 6a 74 0a 48 63 c2 41 0f b7
0x00007ffdf97066c9:   44 c1 42 c3 43 0f b7 44 c1 42 c3 cc cc cc cc cc
0x00007ffdf97066d9:   cc cc cc cc cc cc cc 40 53 48 83 ec 20 48 8b d9
0x00007ffdf97066e9:   e8 72 ff ff ff 48 63 d0 0f b7 44 d3 40 48 8b 44
0x00007ffdf97066f9:   c3 40 48 83 c4 20 5b c3 cc cc cc cc cc cc cc cc
0x00007ffdf9706709:   cc cc cc cc cc cc cc 40 53 48 83 ec 20 48 8b d9
0x00007ffdf9706719:   e8 42 ff ff ff 48 63 d0 0f b7 44 d3 42 48 8b 44
0x00007ffdf9706729:   c3 40 48 83 c4 20 5b c3 cc cc cc cc cc cc cc cc
0x00007ffdf9706739:   cc cc cc cc cc cc cc 4c 8b d1 45 84 c9 75 23 4c
0x00007ffdf9706749:   8b 49 10 4d 85 c9 74 1a 45 85 c0 79 03 41 f7 d0
0x00007ffdf9706759:   49 63 c0 48 ff c0 48 c1 e0 05 4a 8b 04 08 44 0f
0x00007ffdf9706769:   b7 c0 49 8b 42 08 49 63 c8 0f b6 4c 08 04 48 8b
0x00007ffdf9706779:   c2 88 0a c3 cc cc cc 40 56 57 41 54 41 56 41 57
0x00007ffdf9706789:   48 83 ec 20 45 8b 30 49 8b f0 49 63 f9 4c 8b e2 


Stack slot to memory mapping:
stack at sp + 0 slots: 0x00007ffdf97eeef3 jvm.dll
stack at sp + 1 slots: 0x0000001734dfee50 is pointing into the stack for thread: 0x0000014dc0148000
stack at sp + 2 slots: 0x00007ffdf961137e jvm.dll
stack at sp + 3 slots: 0x0000001734dff0d0 is pointing into the stack for thread: 0x0000014dc0148000
stack at sp + 4 slots: 0x00007ffdf9b5306d jvm.dll
stack at sp + 5 slots: 0x0000001734dfee50 is pointing into the stack for thread: 0x0000014dc0148000
stack at sp + 6 slots: 0x00007ffdf9608d6e jvm.dll
stack at sp + 7 slots: 0x0000001734dfef10 is pointing into the stack for thread: 0x0000014dc0148000


---------------  P R O C E S S  ---------------

Threads class SMR info:
_java_thread_list=0x0000014dc0259150, length=14, elements={
0x0000014d9eedc000, 0x0000014dbf5f1800, 0x0000014dbf61e800, 0x0000014dbf62c000,
0x0000014dbf62f000, 0x0000014dbf631000, 0x0000014dbf634000, 0x0000014dbffba000,
0x0000014dbffc7000, 0x0000014dc0075000, 0x0000014dc0148000, 0x0000014dc014b800,
0x0000014dc014d800, 0x0000014dc0297000
}

Java Threads: ( => current thread )
  0x0000014d9eedc000 JavaThread "main" [_thread_blocked, id=7476, stack(0x0000001733d00000,0x0000001733e00000)]
  0x0000014dbf5f1800 JavaThread "Reference Handler" daemon [_thread_blocked, id=1180, stack(0x0000001734400000,0x0000001734500000)]
  0x0000014dbf61e800 JavaThread "Finalizer" daemon [_thread_blocked, id=2644, stack(0x0000001734500000,0x0000001734600000)]
  0x0000014dbf62c000 JavaThread "Signal Dispatcher" daemon [_thread_blocked, id=8216, stack(0x0000001734600000,0x0000001734700000)]
  0x0000014dbf62f000 JavaThread "Attach Listener" daemon [_thread_blocked, id=10628, stack(0x0000001734700000,0x0000001734800000)]
  0x0000014dbf631000 JavaThread "Service Thread" daemon [_thread_blocked, id=5724, stack(0x0000001734800000,0x0000001734900000)]
  0x0000014dbf634000 JavaThread "C2 CompilerThread0" daemon [_thread_blocked, id=9672, stack(0x0000001734900000,0x0000001734a00000)]
  0x0000014dbffba000 JavaThread "C1 CompilerThread0" daemon [_thread_blocked, id=11236, stack(0x0000001734a00000,0x0000001734b00000)]
  0x0000014dbffc7000 JavaThread "Sweeper thread" daemon [_thread_blocked, id=4992, stack(0x0000001734b00000,0x0000001734c00000)]
  0x0000014dc0075000 JavaThread "Common-Cleaner" daemon [_thread_blocked, id=10176, stack(0x0000001734c00000,0x0000001734d00000)]
=>0x0000014dc0148000 JavaThread "JDWP Transport Listener: dt_socket" daemon [_thread_in_vm, id=10316, stack(0x0000001734d00000,0x0000001734e00000)]
  0x0000014dc014b800 JavaThread "JDWP Event Helper Thread" daemon [_thread_blocked, id=10380, stack(0x0000001734e00000,0x0000001734f00000)]
  0x0000014dc014d800 JavaThread "JDWP Command Reader" daemon [_thread_in_native, id=7448, stack(0x0000001734f00000,0x0000001735000000)]
  0x0000014dc0297000 JavaThread "Notification Thread" daemon [_thread_blocked, id=8204, stack(0x0000001735100000,0x0000001735200000)]

Other Threads:
  0x0000014dbf5ee800 VMThread "VM Thread" [stack: 0x0000001734300000,0x0000001734400000] [id=10780]
  0x0000014dc0288800 WatcherThread [stack: 0x0000001735200000,0x0000001735300000] [id=4116]
  0x0000014d9ef1f800 GCTaskThread "GC Thread#0" [stack: 0x0000001733e00000,0x0000001733f00000] [id=2660]
  0x0000014d9ef33000 ConcurrentGCThread "G1 Main Marker" [stack: 0x0000001733f00000,0x0000001734000000] [id=3956]
  0x0000014d9ef35800 ConcurrentGCThread "G1 Conc#0" [stack: 0x0000001734000000,0x0000001734100000] [id=11312]
  0x0000014d9efad800 ConcurrentGCThread "G1 Refine#0" [stack: 0x0000001734100000,0x0000001734200000] [id=3928]
  0x0000014dbf460800 ConcurrentGCThread "G1 Young RemSet Sampling" [stack: 0x0000001734200000,0x0000001734300000] [id=6812]

Threads with active compile tasks:

VM state:not at safepoint (normal execution)

VM Mutex/Monitor currently owned by a thread: None

Heap address: 0x0000000081a00000, size: 2022 MB, Compressed Oops mode: 32-bit
Narrow klass base: 0x0000000800000000, Narrow klass shift: 3
Compressed class space size: 1073741824 Address: 0x0000000800b30000

Heap:
 garbage-first heap   total 131072K, used 5120K [0x0000000081a00000, 0x0000000100000000)
  region size 1024K, 6 young (6144K), 0 survivors (0K)
 Metaspace       used 2734K, capacity 4845K, committed 5120K, reserved 1056768K
  class space    used 254K, capacity 443K, committed 512K, reserved 1048576K
Heap Regions: E=young(eden), S=young(survivor), O=old, HS=humongous(starts), HC=humongous(continues), CS=collection set, F=free, OA=open archive, CA=closed archive, TAMS=top-at-mark-start (previous, next)
|   0|0x0000000081a00000, 0x0000000081a00000, 0x0000000081b00000|  0%| F|  |TAMS 0x0000000081a00000, 0x0000000081a00000| Untracked 
|   1|0x0000000081b00000, 0x0000000081b00000, 0x0000000081c00000|  0%| F|  |TAMS 0x0000000081b00000, 0x0000000081b00000| Untracked 
|   2|0x0000000081c00000, 0x0000000081c00000, 0x0000000081d00000|  0%| F|  |TAMS 0x0000000081c00000, 0x0000000081c00000| Untracked 
|   3|0x0000000081d00000, 0x0000000081d00000, 0x0000000081e00000|  0%| F|  |TAMS 0x0000000081d00000, 0x0000000081d00000| Untracked 
|   4|0x0000000081e00000, 0x0000000081e00000, 0x0000000081f00000|  0%| F|  |TAMS 0x0000000081e00000, 0x0000000081e00000| Untracked 
|   5|0x0000000081f00000, 0x0000000081f00000, 0x0000000082000000|  0%| F|  |TAMS 0x0000000081f00000, 0x0000000081f00000| Untracked 
|   6|0x0000000082000000, 0x0000000082000000, 0x0000000082100000|  0%| F|  |TAMS 0x0000000082000000, 0x0000000082000000| Untracked 
|   7|0x0000000082100000, 0x0000000082100000, 0x0000000082200000|  0%| F|  |TAMS 0x0000000082100000, 0x0000000082100000| Untracked 
|   8|0x0000000082200000, 0x0000000082200000, 0x0000000082300000|  0%| F|  |TAMS 0x0000000082200000, 0x0000000082200000| Untracked 
|   9|0x0000000082300000, 0x0000000082300000, 0x0000000082400000|  0%| F|  |TAMS 0x0000000082300000, 0x0000000082300000| Untracked 
|  10|0x0000000082400000, 0x0000000082400000, 0x0000000082500000|  0%| F|  |TAMS 0x0000000082400000, 0x0000000082400000| Untracked 
|  11|0x0000000082500000, 0x0000000082500000, 0x0000000082600000|  0%| F|  |TAMS 0x0000000082500000, 0x0000000082500000| Untracked 
|  12|0x0000000082600000, 0x0000000082600000, 0x0000000082700000|  0%| F|  |TAMS 0x0000000082600000, 0x0000000082600000| Untracked 
|  13|0x0000000082700000, 0x0000000082700000, 0x0000000082800000|  0%| F|  |TAMS 0x0000000082700000, 0x0000000082700000| Untracked 
|  14|0x0000000082800000, 0x0000000082800000, 0x0000000082900000|  0%| F|  |TAMS 0x0000000082800000, 0x0000000082800000| Untracked 
|  15|0x0000000082900000, 0x0000000082900000, 0x0000000082a00000|  0%| F|  |TAMS 0x0000000082900000, 0x0000000082900000| Untracked 
|  16|0x0000000082a00000, 0x0000000082a00000, 0x0000000082b00000|  0%| F|  |TAMS 0x0000000082a00000, 0x0000000082a00000| Untracked 
|  17|0x0000000082b00000, 0x0000000082b00000, 0x0000000082c00000|  0%| F|  |TAMS 0x0000000082b00000, 0x0000000082b00000| Untracked 
|  18|0x0000000082c00000, 0x0000000082c00000, 0x0000000082d00000|  0%| F|  |TAMS 0x0000000082c00000, 0x0000000082c00000| Untracked 
|  19|0x0000000082d00000, 0x0000000082d00000, 0x0000000082e00000|  0%| F|  |TAMS 0x0000000082d00000, 0x0000000082d00000| Untracked 
|  20|0x0000000082e00000, 0x0000000082e00000, 0x0000000082f00000|  0%| F|  |TAMS 0x0000000082e00000, 0x0000000082e00000| Untracked 
|  21|0x0000000082f00000, 0x0000000082f00000, 0x0000000083000000|  0%| F|  |TAMS 0x0000000082f00000, 0x0000000082f00000| Untracked 
|  22|0x0000000083000000, 0x0000000083000000, 0x0000000083100000|  0%| F|  |TAMS 0x0000000083000000, 0x0000000083000000| Untracked 
|  23|0x0000000083100000, 0x0000000083100000, 0x0000000083200000|  0%| F|  |TAMS 0x0000000083100000, 0x0000000083100000| Untracked 
|  24|0x0000000083200000, 0x0000000083200000, 0x0000000083300000|  0%| F|  |TAMS 0x0000000083200000, 0x0000000083200000| Untracked 
|  25|0x0000000083300000, 0x0000000083300000, 0x0000000083400000|  0%| F|  |TAMS 0x0000000083300000, 0x0000000083300000| Untracked 
|  26|0x0000000083400000, 0x0000000083400000, 0x0000000083500000|  0%| F|  |TAMS 0x0000000083400000, 0x0000000083400000| Untracked 
|  27|0x0000000083500000, 0x0000000083500000, 0x0000000083600000|  0%| F|  |TAMS 0x0000000083500000, 0x0000000083500000| Untracked 
|  28|0x0000000083600000, 0x0000000083600000, 0x0000000083700000|  0%| F|  |TAMS 0x0000000083600000, 0x0000000083600000| Untracked 
|  29|0x0000000083700000, 0x0000000083700000, 0x0000000083800000|  0%| F|  |TAMS 0x0000000083700000, 0x0000000083700000| Untracked 
|  30|0x0000000083800000, 0x0000000083800000, 0x0000000083900000|  0%| F|  |TAMS 0x0000000083800000, 0x0000000083800000| Untracked 
|  31|0x0000000083900000, 0x0000000083900000, 0x0000000083a00000|  0%| F|  |TAMS 0x0000000083900000, 0x0000000083900000| Untracked 
|  32|0x0000000083a00000, 0x0000000083a00000, 0x0000000083b00000|  0%| F|  |TAMS 0x0000000083a00000, 0x0000000083a00000| Untracked 
|  33|0x0000000083b00000, 0x0000000083b00000, 0x0000000083c00000|  0%| F|  |TAMS 0x0000000083b00000, 0x0000000083b00000| Untracked 
|  34|0x0000000083c00000, 0x0000000083c00000, 0x0000000083d00000|  0%| F|  |TAMS 0x0000000083c00000, 0x0000000083c00000| Untracked 
|  35|0x0000000083d00000, 0x0000000083d00000, 0x0000000083e00000|  0%| F|  |TAMS 0x0000000083d00000, 0x0000000083d00000| Untracked 
|  36|0x0000000083e00000, 0x0000000083e00000, 0x0000000083f00000|  0%| F|  |TAMS 0x0000000083e00000, 0x0000000083e00000| Untracked 
|  37|0x0000000083f00000, 0x0000000083f00000, 0x0000000084000000|  0%| F|  |TAMS 0x0000000083f00000, 0x0000000083f00000| Untracked 
|  38|0x0000000084000000, 0x0000000084000000, 0x0000000084100000|  0%| F|  |TAMS 0x0000000084000000, 0x0000000084000000| Untracked 
|  39|0x0000000084100000, 0x0000000084100000, 0x0000000084200000|  0%| F|  |TAMS 0x0000000084100000, 0x0000000084100000| Untracked 
|  40|0x0000000084200000, 0x0000000084200000, 0x0000000084300000|  0%| F|  |TAMS 0x0000000084200000, 0x0000000084200000| Untracked 
|  41|0x0000000084300000, 0x0000000084300000, 0x0000000084400000|  0%| F|  |TAMS 0x0000000084300000, 0x0000000084300000| Untracked 
|  42|0x0000000084400000, 0x0000000084400000, 0x0000000084500000|  0%| F|  |TAMS 0x0000000084400000, 0x0000000084400000| Untracked 
|  43|0x0000000084500000, 0x0000000084500000, 0x0000000084600000|  0%| F|  |TAMS 0x0000000084500000, 0x0000000084500000| Untracked 
|  44|0x0000000084600000, 0x0000000084600000, 0x0000000084700000|  0%| F|  |TAMS 0x0000000084600000, 0x0000000084600000| Untracked 
|  45|0x0000000084700000, 0x0000000084700000, 0x0000000084800000|  0%| F|  |TAMS 0x0000000084700000, 0x0000000084700000| Untracked 
|  46|0x0000000084800000, 0x0000000084800000, 0x0000000084900000|  0%| F|  |TAMS 0x0000000084800000, 0x0000000084800000| Untracked 
|  47|0x0000000084900000, 0x0000000084900000, 0x0000000084a00000|  0%| F|  |TAMS 0x0000000084900000, 0x0000000084900000| Untracked 
|  48|0x0000000084a00000, 0x0000000084a00000, 0x0000000084b00000|  0%| F|  |TAMS 0x0000000084a00000, 0x0000000084a00000| Untracked 
|  49|0x0000000084b00000, 0x0000000084b00000, 0x0000000084c00000|  0%| F|  |TAMS 0x0000000084b00000, 0x0000000084b00000| Untracked 
|  50|0x0000000084c00000, 0x0000000084c00000, 0x0000000084d00000|  0%| F|  |TAMS 0x0000000084c00000, 0x0000000084c00000| Untracked 
|  51|0x0000000084d00000, 0x0000000084d00000, 0x0000000084e00000|  0%| F|  |TAMS 0x0000000084d00000, 0x0000000084d00000| Untracked 
|  52|0x0000000084e00000, 0x0000000084e00000, 0x0000000084f00000|  0%| F|  |TAMS 0x0000000084e00000, 0x0000000084e00000| Untracked 
|  53|0x0000000084f00000, 0x0000000084f00000, 0x0000000085000000|  0%| F|  |TAMS 0x0000000084f00000, 0x0000000084f00000| Untracked 
|  54|0x0000000085000000, 0x0000000085000000, 0x0000000085100000|  0%| F|  |TAMS 0x0000000085000000, 0x0000000085000000| Untracked 
|  55|0x0000000085100000, 0x0000000085100000, 0x0000000085200000|  0%| F|  |TAMS 0x0000000085100000, 0x0000000085100000| Untracked 
|  56|0x0000000085200000, 0x0000000085200000, 0x0000000085300000|  0%| F|  |TAMS 0x0000000085200000, 0x0000000085200000| Untracked 
|  57|0x0000000085300000, 0x0000000085300000, 0x0000000085400000|  0%| F|  |TAMS 0x0000000085300000, 0x0000000085300000| Untracked 
|  58|0x0000000085400000, 0x0000000085400000, 0x0000000085500000|  0%| F|  |TAMS 0x0000000085400000, 0x0000000085400000| Untracked 
|  59|0x0000000085500000, 0x0000000085500000, 0x0000000085600000|  0%| F|  |TAMS 0x0000000085500000, 0x0000000085500000| Untracked 
|  60|0x0000000085600000, 0x0000000085600000, 0x0000000085700000|  0%| F|  |TAMS 0x0000000085600000, 0x0000000085600000| Untracked 
|  61|0x0000000085700000, 0x0000000085700000, 0x0000000085800000|  0%| F|  |TAMS 0x0000000085700000, 0x0000000085700000| Untracked 
|  62|0x0000000085800000, 0x0000000085800000, 0x0000000085900000|  0%| F|  |TAMS 0x0000000085800000, 0x0000000085800000| Untracked 
|  63|0x0000000085900000, 0x0000000085900000, 0x0000000085a00000|  0%| F|  |TAMS 0x0000000085900000, 0x0000000085900000| Untracked 
|  64|0x0000000085a00000, 0x0000000085a00000, 0x0000000085b00000|  0%| F|  |TAMS 0x0000000085a00000, 0x0000000085a00000| Untracked 
|  65|0x0000000085b00000, 0x0000000085b00000, 0x0000000085c00000|  0%| F|  |TAMS 0x0000000085b00000, 0x0000000085b00000| Untracked 
|  66|0x0000000085c00000, 0x0000000085c00000, 0x0000000085d00000|  0%| F|  |TAMS 0x0000000085c00000, 0x0000000085c00000| Untracked 
|  67|0x0000000085d00000, 0x0000000085d00000, 0x0000000085e00000|  0%| F|  |TAMS 0x0000000085d00000, 0x0000000085d00000| Untracked 
|  68|0x0000000085e00000, 0x0000000085e00000, 0x0000000085f00000|  0%| F|  |TAMS 0x0000000085e00000, 0x0000000085e00000| Untracked 
|  69|0x0000000085f00000, 0x0000000085f00000, 0x0000000086000000|  0%| F|  |TAMS 0x0000000085f00000, 0x0000000085f00000| Untracked 
|  70|0x0000000086000000, 0x0000000086000000, 0x0000000086100000|  0%| F|  |TAMS 0x0000000086000000, 0x0000000086000000| Untracked 
|  71|0x0000000086100000, 0x0000000086100000, 0x0000000086200000|  0%| F|  |TAMS 0x0000000086100000, 0x0000000086100000| Untracked 
|  72|0x0000000086200000, 0x0000000086200000, 0x0000000086300000|  0%| F|  |TAMS 0x0000000086200000, 0x0000000086200000| Untracked 
|  73|0x0000000086300000, 0x0000000086300000, 0x0000000086400000|  0%| F|  |TAMS 0x0000000086300000, 0x0000000086300000| Untracked 
|  74|0x0000000086400000, 0x0000000086400000, 0x0000000086500000|  0%| F|  |TAMS 0x0000000086400000, 0x0000000086400000| Untracked 
|  75|0x0000000086500000, 0x0000000086500000, 0x0000000086600000|  0%| F|  |TAMS 0x0000000086500000, 0x0000000086500000| Untracked 
|  76|0x0000000086600000, 0x0000000086600000, 0x0000000086700000|  0%| F|  |TAMS 0x0000000086600000, 0x0000000086600000| Untracked 
|  77|0x0000000086700000, 0x0000000086700000, 0x0000000086800000|  0%| F|  |TAMS 0x0000000086700000, 0x0000000086700000| Untracked 
|  78|0x0000000086800000, 0x0000000086800000, 0x0000000086900000|  0%| F|  |TAMS 0x0000000086800000, 0x0000000086800000| Untracked 
|  79|0x0000000086900000, 0x0000000086900000, 0x0000000086a00000|  0%| F|  |TAMS 0x0000000086900000, 0x0000000086900000| Untracked 
|  80|0x0000000086a00000, 0x0000000086a00000, 0x0000000086b00000|  0%| F|  |TAMS 0x0000000086a00000, 0x0000000086a00000| Untracked 
|  81|0x0000000086b00000, 0x0000000086b00000, 0x0000000086c00000|  0%| F|  |TAMS 0x0000000086b00000, 0x0000000086b00000| Untracked 
|  82|0x0000000086c00000, 0x0000000086c00000, 0x0000000086d00000|  0%| F|  |TAMS 0x0000000086c00000, 0x0000000086c00000| Untracked 
|  83|0x0000000086d00000, 0x0000000086d00000, 0x0000000086e00000|  0%| F|  |TAMS 0x0000000086d00000, 0x0000000086d00000| Untracked 
|  84|0x0000000086e00000, 0x0000000086e00000, 0x0000000086f00000|  0%| F|  |TAMS 0x0000000086e00000, 0x0000000086e00000| Untracked 
|  85|0x0000000086f00000, 0x0000000086f00000, 0x0000000087000000|  0%| F|  |TAMS 0x0000000086f00000, 0x0000000086f00000| Untracked 
|  86|0x0000000087000000, 0x0000000087000000, 0x0000000087100000|  0%| F|  |TAMS 0x0000000087000000, 0x0000000087000000| Untracked 
|  87|0x0000000087100000, 0x0000000087100000, 0x0000000087200000|  0%| F|  |TAMS 0x0000000087100000, 0x0000000087100000| Untracked 
|  88|0x0000000087200000, 0x0000000087200000, 0x0000000087300000|  0%| F|  |TAMS 0x0000000087200000, 0x0000000087200000| Untracked 
|  89|0x0000000087300000, 0x0000000087300000, 0x0000000087400000|  0%| F|  |TAMS 0x0000000087300000, 0x0000000087300000| Untracked 
|  90|0x0000000087400000, 0x0000000087400000, 0x0000000087500000|  0%| F|  |TAMS 0x0000000087400000, 0x0000000087400000| Untracked 
|  91|0x0000000087500000, 0x0000000087500000, 0x0000000087600000|  0%| F|  |TAMS 0x0000000087500000, 0x0000000087500000| Untracked 
|  92|0x0000000087600000, 0x0000000087600000, 0x0000000087700000|  0%| F|  |TAMS 0x0000000087600000, 0x0000000087600000| Untracked 
|  93|0x0000000087700000, 0x0000000087700000, 0x0000000087800000|  0%| F|  |TAMS 0x0000000087700000, 0x0000000087700000| Untracked 
|  94|0x0000000087800000, 0x0000000087800000, 0x0000000087900000|  0%| F|  |TAMS 0x0000000087800000, 0x0000000087800000| Untracked 
|  95|0x0000000087900000, 0x0000000087900000, 0x0000000087a00000|  0%| F|  |TAMS 0x0000000087900000, 0x0000000087900000| Untracked 
|  96|0x0000000087a00000, 0x0000000087a00000, 0x0000000087b00000|  0%| F|  |TAMS 0x0000000087a00000, 0x0000000087a00000| Untracked 
|  97|0x0000000087b00000, 0x0000000087b00000, 0x0000000087c00000|  0%| F|  |TAMS 0x0000000087b00000, 0x0000000087b00000| Untracked 
|  98|0x0000000087c00000, 0x0000000087c00000, 0x0000000087d00000|  0%| F|  |TAMS 0x0000000087c00000, 0x0000000087c00000| Untracked 
|  99|0x0000000087d00000, 0x0000000087d00000, 0x0000000087e00000|  0%| F|  |TAMS 0x0000000087d00000, 0x0000000087d00000| Untracked 
| 100|0x0000000087e00000, 0x0000000087e00000, 0x0000000087f00000|  0%| F|  |TAMS 0x0000000087e00000, 0x0000000087e00000| Untracked 
| 101|0x0000000087f00000, 0x0000000087f00000, 0x0000000088000000|  0%| F|  |TAMS 0x0000000087f00000, 0x0000000087f00000| Untracked 
| 102|0x0000000088000000, 0x0000000088000000, 0x0000000088100000|  0%| F|  |TAMS 0x0000000088000000, 0x0000000088000000| Untracked 
| 103|0x0000000088100000, 0x0000000088100000, 0x0000000088200000|  0%| F|  |TAMS 0x0000000088100000, 0x0000000088100000| Untracked 
| 104|0x0000000088200000, 0x0000000088200000, 0x0000000088300000|  0%| F|  |TAMS 0x0000000088200000, 0x0000000088200000| Untracked 
| 105|0x0000000088300000, 0x0000000088300000, 0x0000000088400000|  0%| F|  |TAMS 0x0000000088300000, 0x0000000088300000| Untracked 
| 106|0x0000000088400000, 0x0000000088400000, 0x0000000088500000|  0%| F|  |TAMS 0x0000000088400000, 0x0000000088400000| Untracked 
| 107|0x0000000088500000, 0x0000000088500000, 0x0000000088600000|  0%| F|  |TAMS 0x0000000088500000, 0x0000000088500000| Untracked 
| 108|0x0000000088600000, 0x0000000088600000, 0x0000000088700000|  0%| F|  |TAMS 0x0000000088600000, 0x0000000088600000| Untracked 
| 109|0x0000000088700000, 0x0000000088700000, 0x0000000088800000|  0%| F|  |TAMS 0x0000000088700000, 0x0000000088700000| Untracked 
| 110|0x0000000088800000, 0x0000000088800000, 0x0000000088900000|  0%| F|  |TAMS 0x0000000088800000, 0x0000000088800000| Untracked 
| 111|0x0000000088900000, 0x0000000088900000, 0x0000000088a00000|  0%| F|  |TAMS 0x0000000088900000, 0x0000000088900000| Untracked 
| 112|0x0000000088a00000, 0x0000000088a00000, 0x0000000088b00000|  0%| F|  |TAMS 0x0000000088a00000, 0x0000000088a00000| Untracked 
| 113|0x0000000088b00000, 0x0000000088b00000, 0x0000000088c00000|  0%| F|  |TAMS 0x0000000088b00000, 0x0000000088b00000| Untracked 
| 114|0x0000000088c00000, 0x0000000088c00000, 0x0000000088d00000|  0%| F|  |TAMS 0x0000000088c00000, 0x0000000088c00000| Untracked 
| 115|0x0000000088d00000, 0x0000000088d00000, 0x0000000088e00000|  0%| F|  |TAMS 0x0000000088d00000, 0x0000000088d00000| Untracked 
| 116|0x0000000088e00000, 0x0000000088e00000, 0x0000000088f00000|  0%| F|  |TAMS 0x0000000088e00000, 0x0000000088e00000| Untracked 
| 117|0x0000000088f00000, 0x0000000088f00000, 0x0000000089000000|  0%| F|  |TAMS 0x0000000088f00000, 0x0000000088f00000| Untracked 
| 118|0x0000000089000000, 0x0000000089000000, 0x0000000089100000|  0%| F|  |TAMS 0x0000000089000000, 0x0000000089000000| Untracked 
| 119|0x0000000089100000, 0x0000000089100000, 0x0000000089200000|  0%| F|  |TAMS 0x0000000089100000, 0x0000000089100000| Untracked 
| 120|0x0000000089200000, 0x0000000089200000, 0x0000000089300000|  0%| F|  |TAMS 0x0000000089200000, 0x0000000089200000| Untracked 
| 121|0x0000000089300000, 0x0000000089300000, 0x0000000089400000|  0%| F|  |TAMS 0x0000000089300000, 0x0000000089300000| Untracked 
| 122|0x0000000089400000, 0x0000000089497ae8, 0x0000000089500000| 59%| E|  |TAMS 0x0000000089400000, 0x0000000089400000| Complete 
| 123|0x0000000089500000, 0x0000000089600000, 0x0000000089600000|100%| E|CS|TAMS 0x0000000089500000, 0x0000000089500000| Complete 
| 124|0x0000000089600000, 0x0000000089700000, 0x0000000089700000|100%| E|CS|TAMS 0x0000000089600000, 0x0000000089600000| Complete 
| 125|0x0000000089700000, 0x0000000089800000, 0x0000000089800000|100%| E|CS|TAMS 0x0000000089700000, 0x0000000089700000| Complete 
| 126|0x0000000089800000, 0x0000000089900000, 0x0000000089900000|100%| E|CS|TAMS 0x0000000089800000, 0x0000000089800000| Complete 
| 127|0x0000000089900000, 0x0000000089a00000, 0x0000000089a00000|100%| E|CS|TAMS 0x0000000089900000, 0x0000000089900000| Complete 

Card table byte_map: [0x0000014db88d0000,0x0000014db8cd0000] _byte_map_base: 0x0000014db84c3000

Marking Bits (Prev, Next): (CMBitMap*) 0x0000014d9ef20388, (CMBitMap*) 0x0000014d9ef203c8
 Prev Bits: [0x0000014db90d0000, 0x0000014dbb068000)
 Next Bits: [0x0000014dbb070000, 0x0000014dbd008000)

Polling page: 0x0000014d9ed40000

Metaspace:

Usage:
  Non-class:      4.30 MB capacity,     2.42 MB ( 56%) used,     1.87 MB ( 44%) free+waste,     2.69 KB ( <1%) overhead. 
      Class:    443.00 KB capacity,   254.98 KB ( 58%) used,   186.46 KB ( 42%) free+waste,     1.56 KB ( <1%) overhead. 
       Both:      4.73 MB capacity,     2.67 MB ( 56%) used,     2.06 MB ( 43%) free+waste,     4.25 KB ( <1%) overhead. 

Virtual space:
  Non-class space:        8.00 MB reserved,       4.50 MB ( 56%) committed 
      Class space:        1.00 GB reserved,     512.00 KB ( <1%) committed 
             Both:        1.01 GB reserved,       5.00 MB ( <1%) committed 

Chunk freelists:
   Non-Class:  14.00 KB
       Class:  5.00 KB
        Both:  19.00 KB

MaxMetaspaceSize: 17179869184.00 GB
CompressedClassSpaceSize: 1.00 GB

CodeHeap 'non-profiled nmethods': size=120000Kb used=144Kb max_used=144Kb free=119855Kb
 bounds [0x0000014db0980000, 0x0000014db0bf0000, 0x0000014db7eb0000]
CodeHeap 'profiled nmethods': size=120000Kb used=677Kb max_used=677Kb free=119322Kb
 bounds [0x0000014da9450000, 0x0000014da96c0000, 0x0000014db0980000]
CodeHeap 'non-nmethods': size=5760Kb used=1223Kb max_used=1245Kb free=4536Kb
 bounds [0x0000014da8eb0000, 0x0000014da9120000, 0x0000014da9450000]
 total_blobs=1252 nmethods=462 adapters=297
 compilation: enabled
              stopped_count=0, restarted_count=0
 full_count=0

Compilation events (20 events):
Event: 356.367 Thread 0x0000014dbffba000  457       3       org.eclipse.jdt.launching.internal.org.objectweb.asm.SymbolTable::hash (10 bytes)
Event: 356.367 Thread 0x0000014dbffba000 nmethod 457 0x0000014da94f6010 code [0x0000014da94f61c0, 0x0000014da94f62e8]
Event: 356.367 Thread 0x0000014dbffba000  460       3       org.eclipse.jdt.launching.internal.org.objectweb.asm.ClassReader::readUtf (44 bytes)
Event: 356.369 Thread 0x0000014dbffba000 

Event: 356.369 Thread 0x0000014dbffba000  458       3       org.eclipse.jdt.launching.internal.org.objectweb.asm.Symbol::<init> (38 bytes)
Event: 356.369 Thread 0x0000014dbffba000 nmethod 458 0x0000014da94f6410 code [0x0000014da94f65c0, 0x0000014da94f6878]
Event: 356.369 Thread 0x0000014dbffba000  459       3       org.eclipse.jdt.launching.internal.org.objectweb.asm.SymbolTable::add (39 bytes)
Event: 356.369 Thread 0x0000014dbffba000 nmethod 459 0x0000014da94f6990 code [0x0000014da94f6b40, 0x0000014da94f6eb8]
Event: 481.743 Thread 0x0000014dbffba000  461       3       org.eclipse.jdt.launching.internal.org.objectweb.asm.ClassReader::readUTF8 (23 bytes)
Event: 481.743 Thread 0x0000014dbffba000 nmethod 461 0x0000014da94f7010 code [0x0000014da94f71c0, 0x0000014da94f7488]
Event: 481.743 Thread 0x0000014dbffba000  462       3       java.lang.String::<init> (74 bytes)
Event: 481.744 Thread 0x0000014dbffba000 nmethod 462 0x0000014da94f7610 code [0x0000014da94f7800, 0x0000014da94f7eb8]
Event: 481.744 Thread 0x0000014dbffba000  463       3       org.eclipse.jdt.launching.internal.org.objectweb.asm.SymbolTable$Entry::<init> (17 bytes)
Event: 481.744 Thread 0x0000014dbffba000 nmethod 463 0x0000014da94f8190 code [0x0000014da94f8340, 0x0000014da94f84e8]
Event: 1071.312 Thread 0x0000014dbffba000  464       3       org.eclipse.jdt.launching.internal.org.objectweb.asm.ClassReader::readUtf (161 bytes)
Event: 1071.313 Thread 0x0000014dbffba000 nmethod 464 0x0000014da94f8590 code [0x0000014da94f8780, 0x0000014da94f8d98]
Event: 1071.313 Thread 0x0000014dbffba000  466       3       org.eclipse.jdt.launching.internal.org.objectweb.asm.ClassReader::readUtf (44 bytes)
Event: 1071.314 Thread 0x0000014dbffba000 

Event: 1071.314 Thread 0x0000014dbffba000  465       3       org.eclipse.jdt.launching.internal.org.objectweb.asm.ClassReader::getItem (7 bytes)
Event: 1071.315 Thread 0x0000014dbffba000 nmethod 465 0x0000014da94f9190 code [0x0000014da94f9320, 0x0000014da94f9478]

GC Heap History (0 events):
No events

Deoptimization events (20 events):
Event: 0.372 Thread 0x0000014d9eedc000 DEOPT PACKING pc=0x0000014da94cde4c sp=0x0000001733dfb6e0
Event: 0.372 Thread 0x0000014d9eedc000 DEOPT UNPACKING pc=0x0000014da8ef964e sp=0x0000001733dfaba8 mode 0
Event: 0.372 Thread 0x0000014d9eedc000 DEOPT PACKING pc=0x0000014da94cde4c sp=0x0000001733dfb6e0
Event: 0.372 Thread 0x0000014d9eedc000 DEOPT UNPACKING pc=0x0000014da8ef964e sp=0x0000001733dfaba8 mode 0
Event: 0.374 Thread 0x0000014d9eedc000 DEOPT PACKING pc=0x0000014da94cde4c sp=0x0000001733df7b80
Event: 0.374 Thread 0x0000014d9eedc000 DEOPT UNPACKING pc=0x0000014da8ef964e sp=0x0000001733df7048 mode 0
Event: 0.376 Thread 0x0000014d9eedc000 DEOPT PACKING pc=0x0000014da94ce081 sp=0x0000001733dfb610
Event: 0.376 Thread 0x0000014d9eedc000 DEOPT UNPACKING pc=0x0000014da8ef964e sp=0x0000001733dfaad8 mode 0
Event: 0.378 Thread 0x0000014d9eedc000 DEOPT PACKING pc=0x0000014da94ce081 sp=0x0000001733dfb6e0
Event: 0.378 Thread 0x0000014d9eedc000 DEOPT UNPACKING pc=0x0000014da8ef964e sp=0x0000001733dfaba8 mode 0
Event: 0.382 Thread 0x0000014d9eedc000 DEOPT PACKING pc=0x0000014da94ce081 sp=0x0000001733df77f0
Event: 0.382 Thread 0x0000014d9eedc000 DEOPT UNPACKING pc=0x0000014da8ef964e sp=0x0000001733df6cb8 mode 0
Event: 0.382 Thread 0x0000014d9eedc000 DEOPT PACKING pc=0x0000014da94ce081 sp=0x0000001733df77f0
Event: 0.382 Thread 0x0000014d9eedc000 DEOPT UNPACKING pc=0x0000014da8ef964e sp=0x0000001733df6cb8 mode 0
Event: 0.382 Thread 0x0000014d9eedc000 DEOPT PACKING pc=0x0000014da94cde4c sp=0x0000001733df77f0
Event: 0.382 Thread 0x0000014d9eedc000 DEOPT UNPACKING pc=0x0000014da8ef964e sp=0x0000001733df6cb8 mode 0
Event: 0.383 Thread 0x0000014d9eedc000 DEOPT PACKING pc=0x0000014da94cde4c sp=0x0000001733df77f0
Event: 0.383 Thread 0x0000014d9eedc000 DEOPT UNPACKING pc=0x0000014da8ef964e sp=0x0000001733df6cb8 mode 0
Event: 0.383 Thread 0x0000014d9eedc000 DEOPT PACKING pc=0x0000014da94cde4c sp=0x0000001733df77f0
Event: 0.383 Thread 0x0000014d9eedc000 DEOPT UNPACKING pc=0x0000014da8ef964e sp=0x0000001733df6cb8 mode 0

Classes unloaded (0 events):
No events

Classes redefined (6 events):
Event: 128.623 Thread 0x0000014dbf5ee800 redefined class name=sortAlgorithms.Main, count=1
Event: 166.796 Thread 0x0000014dbf5ee800 redefined class name=sortAlgorithms.Main, count=2
Event: 169.842 Thread 0x0000014dbf5ee800 redefined class name=sortAlgorithms.Main, count=3
Event: 356.368 Thread 0x0000014dbf5ee800 redefined class name=sortAlgorithms.SortClass, count=1
Event: 481.745 Thread 0x0000014dbf5ee800 redefined class name=sortAlgorithms.Main, count=4
Event: 1071.313 Thread 0x0000014dbf5ee800 redefined class name=sortAlgorithms.Main, count=5

Internal exceptions (0 events):
No events

Events (20 events):
Event: 1012.841 Executing VM operation: get/set locals
Event: 1012.841 Executing VM operation: get/set locals done
Event: 1012.841 Executing VM operation: get/set locals
Event: 1012.841 Executing VM operation: get/set locals done
Event: 1012.841 Executing VM operation: get/set locals
Event: 1012.841 Executing VM operation: get/set locals done
Event: 1071.313 Executing VM operation: RedefineClasses
Event: 1071.314 Executing VM operation: RedefineClasses done
Event: 1071.318 Executing VM operation: ChangeBreakpoints
Event: 1071.318 Executing VM operation: ChangeBreakpoints done
Event: 1071.319 Executing VM operation: GetFrameCount
Event: 1071.319 Executing VM operation: GetFrameCount done
Event: 1071.319 Executing VM operation: GetStackTrace
Event: 1071.319 Executing VM operation: GetStackTrace done
Event: 1071.329 Executing VM operation: GetFrameCount
Event: 1071.329 Executing VM operation: GetFrameCount done
Event: 1071.329 Executing VM operation: GetOwnedMonitorInfo
Event: 1071.329 Executing VM operation: GetOwnedMonitorInfo done
Event: 1071.329 Executing VM operation: GetCurrentContendedMonitor
Event: 1071.330 Executing VM operation: GetCurrentContendedMonitor done


Dynamic libraries:
0x00007ff7ec810000 - 0x00007ff7ec81f000 	C:\Program Files\Java\jdk-14.0.1\bin\javaw.exe
0x00007ffe45840000 - 0x00007ffe45a30000 	C:\Windows\SYSTEM32\ntdll.dll
0x00007ffe44c20000 - 0x00007ffe44cd2000 	C:\Windows\System32\KERNEL32.DLL
0x00007ffe42a40000 - 0x00007ffe42ce5000 	C:\Windows\System32\KERNELBASE.dll
0x00007ffe42d20000 - 0x00007ffe42e1a000 	C:\Windows\System32\ucrtbase.dll
0x00007ffe38400000 - 0x00007ffe38418000 	C:\Program Files\Java\jdk-14.0.1\bin\jli.dll
0x00007ffe383e0000 - 0x00007ffe383f5000 	C:\Program Files\Java\jdk-14.0.1\bin\VCRUNTIME140.dll
0x00007ffe45750000 - 0x00007ffe457f3000 	C:\Windows\System32\ADVAPI32.dll
0x00007ffe446f0000 - 0x00007ffe4478e000 	C:\Windows\System32\msvcrt.dll
0x00007ffe439c0000 - 0x00007ffe43a57000 	C:\Windows\System32\sechost.dll
0x00007ffe43a60000 - 0x00007ffe43b80000 	C:\Windows\System32\RPCRT4.dll
0x00007ffe43ce0000 - 0x00007ffe43e74000 	C:\Windows\System32\USER32.dll
0x00007ffe438c0000 - 0x00007ffe438e1000 	C:\Windows\System32\win32u.dll
0x00007ffe44bf0000 - 0x00007ffe44c16000 	C:\Windows\System32\GDI32.dll
0x00007ffe42f70000 - 0x00007ffe43106000 	C:\Windows\System32\gdi32full.dll
0x00007ffe42840000 - 0x00007ffe428de000 	C:\Windows\System32\msvcp_win.dll
0x00007ffe2bf30000 - 0x00007ffe2c1b4000 	C:\Windows\WinSxS\amd64_microsoft.windows.common-controls_6595b64144ccf1df_6.0.18362.1198_none_9e820b57e45ad92f\COMCTL32.dll
0x00007ffe443a0000 - 0x00007ffe446d5000 	C:\Windows\System32\combase.dll
0x00007ffe427c0000 - 0x00007ffe42840000 	C:\Windows\System32\bcryptPrimitives.dll
0x00007ffe3db90000 - 0x00007ffe3db9a000 	C:\Windows\SYSTEM32\VERSION.dll
0x00007ffe44d00000 - 0x00007ffe44d2e000 	C:\Windows\System32\IMM32.DLL
0x00007ffe1e640000 - 0x00007ffe1e6db000 	C:\Program Files\Java\jdk-14.0.1\bin\msvcp140.dll
0x00007ffdf9500000 - 0x00007ffdfa01e000 	C:\Program Files\Java\jdk-14.0.1\bin\server\jvm.dll
0x00007ffe446e0000 - 0x00007ffe446e8000 	C:\Windows\System32\PSAPI.DLL
0x00007ffe32110000 - 0x00007ffe32119000 	C:\Windows\SYSTEM32\WSOCK32.dll
0x00007ffe449b0000 - 0x00007ffe44a1f000 	C:\Windows\System32\WS2_32.dll
0x00007ffe3f370000 - 0x00007ffe3f394000 	C:\Windows\SYSTEM32\WINMM.dll
0x00007ffe3f340000 - 0x00007ffe3f36d000 	C:\Windows\SYSTEM32\WINMMBASE.dll
0x00007ffe42990000 - 0x00007ffe429da000 	C:\Windows\System32\cfgmgr32.dll
0x00007ffe42720000 - 0x00007ffe42731000 	C:\Windows\System32\kernel.appcore.dll
0x00007ffe3f3a0000 - 0x00007ffe3f3aa000 	C:\Program Files\Java\jdk-14.0.1\bin\jimage.dll
0x00007ffe2e7a0000 - 0x00007ffe2e994000 	C:\Windows\SYSTEM32\DBGHELP.DLL
0x00007ffe2e770000 - 0x00007ffe2e79a000 	C:\Windows\SYSTEM32\dbgcore.DLL
0x00007ffe383a0000 - 0x00007ffe383d8000 	C:\Program Files\Java\jdk-14.0.1\bin\jdwp.dll
0x00007ffe3d500000 - 0x00007ffe3d525000 	C:\Program Files\Java\jdk-14.0.1\bin\java.dll
0x00007ffe3ac00000 - 0x00007ffe3ac0e000 	C:\Program Files\Java\jdk-14.0.1\bin\instrument.dll
0x00007ffe3d680000 - 0x00007ffe3d696000 	C:\Program Files\Java\jdk-14.0.1\bin\zip.dll
0x00007ffe45060000 - 0x00007ffe45747000 	C:\Windows\System32\SHELL32.dll
0x00007ffe44d30000 - 0x00007ffe44dd9000 	C:\Windows\System32\shcore.dll
0x00007ffe43110000 - 0x00007ffe43891000 	C:\Windows\System32\windows.storage.dll
0x00007ffe42740000 - 0x00007ffe42763000 	C:\Windows\System32\profapi.dll
0x00007ffe42770000 - 0x00007ffe427ba000 	C:\Windows\System32\powrprof.dll
0x00007ffe426f0000 - 0x00007ffe42700000 	C:\Windows\System32\UMPDC.dll
0x00007ffe44ec0000 - 0x00007ffe44f12000 	C:\Windows\System32\shlwapi.dll
0x00007ffe438a0000 - 0x00007ffe438b7000 	C:\Windows\System32\cryptsp.dll
0x00007ffe3aaf0000 - 0x00007ffe3aafb000 	C:\Program Files\Java\jdk-14.0.1\bin\dt_socket.dll
0x00007ffe41bf0000 - 0x00007ffe41c2a000 	C:\Windows\SYSTEM32\IPHLPAPI.DLL
0x00007ffe41ee0000 - 0x00007ffe41f47000 	C:\Windows\system32\mswsock.dll
0x00007ffe41c30000 - 0x00007ffe41cfb000 	C:\Windows\SYSTEM32\DNSAPI.dll
0x00007ffe44ce0000 - 0x00007ffe44ce8000 	C:\Windows\System32\NSI.dll
0x00007ffe344a0000 - 0x00007ffe344aa000 	C:\Windows\System32\rasadhlp.dll
0x00007ffe3c010000 - 0x00007ffe3c087000 	C:\Windows\System32\fwpuclnt.dll
0x00007ffe42cf0000 - 0x00007ffe42d16000 	C:\Windows\System32\bcrypt.dll
0x00007ffe3d350000 - 0x00007ffe3d369000 	C:\Program Files\Java\jdk-14.0.1\bin\net.dll
0x00007ffe38c50000 - 0x00007ffe38d40000 	C:\Windows\SYSTEM32\WINHTTP.dll
0x00007ffe3d330000 - 0x00007ffe3d342000 	C:\Program Files\Java\jdk-14.0.1\bin\nio.dll
0x00007ffe3eae0000 - 0x00007ffe3eaf0000 	C:\Program Files\Java\jdk-14.0.1\bin\verify.dll

dbghelp: loaded successfully - version: 4.0.5 - missing functions: none
symbol engine: initialized successfully - sym options: 0x614 - pdb path: .;C:\Program Files\Java\jdk-14.0.1\bin;C:\Windows\SYSTEM32;C:\Windows\WinSxS\amd64_microsoft.windows.common-controls_6595b64144ccf1df_6.0.18362.1198_none_9e820b57e45ad92f;C:\Program Files\Java\jdk-14.0.1\bin\server

VM Arguments:
jvm_args: -agentlib:jdwp=transport=dt_socket,suspend=y,address=localhost:57361 -javaagent:C:\Users\DONIZETE\eclipse\committers-2020-06\eclipse\configuration\org.eclipse.osgi\240\0\.cp\lib\javaagent-shaded.jar -Dfile.encoding=Cp1252 
java_command: sortAlgorithms.Main
java_class_path (initial): D:\luan_backup\ifpr_2020\alg_ii\eclipse-workspace\JavaFundaments\bin;C:\Users\DONIZETE\.p2\pool\plugins\org.junit.jupiter.api_5.6.0.v20200203-2009.jar;C:\Users\DONIZETE\.p2\pool\plugins\org.junit.jupiter.engine_5.6.0.v20200203-2009.jar;C:\Users\DONIZETE\.p2\pool\plugins\org.junit.jupiter.migrationsupport_5.6.0.v20200203-2009.jar;C:\Users\DONIZETE\.p2\pool\plugins\org.junit.jupiter.params_5.6.0.v20200203-2009.jar;C:\Users\DONIZETE\.p2\pool\plugins\org.junit.platform.commons_1.6.0.v20200203-2009.jar;C:\Users\DONIZETE\.p2\pool\plugins\org.junit.platform.engine_1.6.0.v20200203-2009.jar;C:\Users\DONIZETE\.p2\pool\plugins\org.junit.platform.launcher_1.6.0.v20200203-2009.jar;C:\Users\DONIZETE\.p2\pool\plugins\org.junit.platform.runner_1.6.0.v20200203-2009.jar;C:\Users\DONIZETE\.p2\pool\plugins\org.junit.platform.suite.api_1.6.0.v20200203-2009.jar;C:\Users\DONIZETE\.p2\pool\plugins\org.junit.vintage.engine_5.6.0.v20200203-2009.jar;C:\Users\DONIZETE\.p2\pool\plugins\org.opentest4j_1.2.0.v20190826-0900.jar;C:\Users\DONIZETE\.p2\pool\plugins\org.apiguardian_1.1.0.v20190826-0900.jar;C:\Users\DONIZETE\.p2\pool\plugins\org.junit_4.13.0.v20200204-1500.jar;C:\Users\DONIZETE\.p2\pool\plugins\org.hamcrest.core_1.3.0.v20180420-1519.jar
Launcher Type: SUN_STANDARD

[Global flags]
     intx CICompilerCount                          = 3                                         {product} {ergonomic}
     uint ConcGCThreads                            = 1                                         {product} {ergonomic}
     uint G1ConcRefinementThreads                  = 4                                         {product} {ergonomic}
   size_t G1HeapRegionSize                         = 1048576                                   {product} {ergonomic}
    uintx GCDrainStackTargetSize                   = 64                                        {product} {ergonomic}
   size_t InitialHeapSize                          = 134217728                                 {product} {ergonomic}
   size_t MarkStackSize                            = 4194304                                   {product} {ergonomic}
   size_t MaxHeapSize                              = 2120220672                                {product} {ergonomic}
   size_t MaxNewSize                               = 1271922688                                {product} {ergonomic}
   size_t MinHeapDeltaBytes                        = 1048576                                   {product} {ergonomic}
   size_t MinHeapSize                              = 8388608                                   {product} {ergonomic}
    uintx NonNMethodCodeHeapSize                   = 5832780                                {pd product} {ergonomic}
    uintx NonProfiledCodeHeapSize                  = 122912730                              {pd product} {ergonomic}
    uintx ProfiledCodeHeapSize                     = 122912730                              {pd product} {ergonomic}
    uintx ReservedCodeCacheSize                    = 251658240                              {pd product} {ergonomic}
     bool SegmentedCodeCache                       = true                                      {product} {ergonomic}
   size_t SoftMaxHeapSize                          = 2120220672                             {manageable} {ergonomic}
     bool UseCompressedClassPointers               = true                                 {lp64_product} {ergonomic}
     bool UseCompressedOops                        = true                                 {lp64_product} {ergonomic}
     bool UseG1GC                                  = true                                      {product} {ergonomic}
     bool UseLargePagesIndividualAllocation        = false                                  {pd product} {ergonomic}

Logging:
Log output configuration:
 #0: stdout all=warning uptime,level,tags
 #1: stderr all=off uptime,level,tags

Environment Variables:
PATH=C:/Program Files/Java/jdk-14.0.1/bin/server;C:/Program Files/Java/jdk-14.0.1/bin;C:\Program Files (x86)\Common Files\Oracle\Java\javapath;C:\Windows\system32;C:\Windows;C:\Windows\System32\Wbem;C:\Windows\System32\WindowsPowerShell\v1.0\;C:\Windows\System32\OpenSSH\;C:\Users\DONIZETE\AppData\Local\Microsoft\WindowsApps;;C:\Users\DONIZETE\Desktop;
USERNAME=DONIZETE
OS=Windows_NT
PROCESSOR_IDENTIFIER=Intel64 Family 6 Model 158 Stepping 11, GenuineIntel



---------------  S Y S T E M  ---------------

OS: Windows 10 , 64 bit Build 18362 (10.0.18362.1110)
OS uptime: 1 days 23:21 hours

CPU:total 4 (initial active 4) (4 cores per cpu, 1 threads per core) family 6 model 158 stepping 11, cmov, cx8, fxsr, mmx, sse, sse2, sse3, ssse3, sse4.1, sse4.2, popcnt, avx, avx2, aes, clmul, erms, 3dnowpref, lzcnt, tsc, tscinvbit, bmi1, bmi2, adx, fma

Memory: 4k page, system-wide physical 8087M (2570M free)
TotalPageFile size 9367M (AvailPageFile size 2174M)
current process WorkingSet (physical memory assigned to process): 41M, peak: 44M
current process commit charge ("private bytes"): 208M, peak: 210M

vm_info: Java HotSpot(TM) 64-Bit Server VM (14.0.1+7) for windows-amd64 JRE (14.0.1+7), built on Mar  5 2020 10:30:14 by "mach5one" with MS VC++ 15.9 (VS2017)

END.
